# JRE version: OpenJDK Runtime Environment (8.0_152-b01) (build 1.8.0_152-release-915-b01)
# Java VM: OpenJDK 64-Bit Server VM (25.152-b01 mixed mode linux-amd64 compressed oops)
Heap:
 PSYoungGen      total 244224K, used 13422K [0x00000000e0000000, 0x00000000f0500000, 0x0000000100000000)
  eden space 226816K, 0% used [0x00000000e0000000,0x00000000e0000000,0x00000000edd80000)
  from space 17408K, 77% used [0x00000000edd80000,0x00000000eea9bab8,0x00000000eee80000)
  to   space 14848K, 0% used [0x00000000eee80000,0x00000000eee80000,0x00000000efd00000)
 ParOldGen       total 66048K, used 44459K [0x00000000a0000000, 0x00000000a4080000, 0x00000000e0000000)
  object space 66048K, 67% used [0x00000000a0000000,0x00000000a2b6add0,0x00000000a4080000)
 Metaspace       used 65623K, capacity 67878K, committed 68056K, reserved 1107968K
  class space    used 8676K, capacity 9208K, committed 9216K, reserved 1048576K
GC Heap History (10 events):
Event: 87,747 GC heap after
Heap after GC invocations=13 (full 2):
 PSYoungGen      total 156160K, used 10237K [0x00000000e0000000, 0x00000000ecc80000, 0x0000000100000000)
  eden space 145920K, 0% used [0x00000000e0000000,0x00000000e0000000,0x00000000e8e80000)
  from space 10240K, 99% used [0x00000000e8e80000,0x00000000e987f500,0x00000000e9880000)
  to   space 13824K, 0% used [0x00000000ebf00000,0x00000000ebf00000,0x00000000ecc80000)
 ParOldGen       total 37376K, used 18498K [0x00000000a0000000, 0x00000000a2480000, 0x00000000e0000000)
  object space 37376K, 49% used [0x00000000a0000000,0x00000000a1210970,0x00000000a2480000)
 Metaspace       used 45868K, capacity 46804K, committed 47192K, reserved 1089536K
  class space    used 6150K, capacity 6471K, committed 6528K, reserved 1048576K
}
Event: 124,023 GC heap before
{Heap before GC invocations=14 (full 2):
 PSYoungGen      total 156160K, used 156157K [0x00000000e0000000, 0x00000000ecc80000, 0x0000000100000000)
  eden space 145920K, 100% used [0x00000000e0000000,0x00000000e8e80000,0x00000000e8e80000)
  from space 10240K, 99% used [0x00000000e8e80000,0x00000000e987f500,0x00000000e9880000)
  to   space 13824K, 0% used [0x00000000ebf00000,0x00000000ebf00000,0x00000000ecc80000)
 ParOldGen       total 37376K, used 18498K [0x00000000a0000000, 0x00000000a2480000, 0x00000000e0000000)
  object space 37376K, 49% used [0x00000000a0000000,0x00000000a1210970,0x00000000a2480000)
 Metaspace       used 53833K, capacity 55494K, committed 55640K, reserved 1097728K
  class space    used 7280K, capacity 7742K, committed 7808K, reserved 1048576K
Event: 125,224 GC heap after
Heap after GC invocations=14 (full 2):
 PSYoungGen      total 194048K, used 12566K [0x00000000e0000000, 0x00000000ed900000, 0x0000000100000000)
  eden space 180224K, 0% used [0x00000000e0000000,0x00000000e0000000,0x00000000eb000000)
  from space 13824K, 90% used [0x00000000ebf00000,0x00000000ecb459d0,0x00000000ecc80000)
  to   space 15360K, 0% used [0x00000000eb000000,0x00000000eb000000,0x00000000ebf00000)
 ParOldGen       total 37376K, used 27300K [0x00000000a0000000, 0x00000000a2480000, 0x00000000e0000000)
  object space 37376K, 73% used [0x00000000a0000000,0x00000000a1aa9390,0x00000000a2480000)
 Metaspace       used 53833K, capacity 55494K, committed 55640K, reserved 1097728K
  class space    used 7280K, capacity 7742K, committed 7808K, reserved 1048576K
}
Event: 153,936 GC heap before
{Heap before GC invocations=15 (full 2):
 PSYoungGen      total 194048K, used 63198K [0x00000000e0000000, 0x00000000ed900000, 0x0000000100000000)
  eden space 180224K, 28% used [0x00000000e0000000,0x00000000e31721a0,0x00000000eb000000)
  from space 13824K, 90% used [0x00000000ebf00000,0x00000000ecb459d0,0x00000000ecc80000)
  to   space 15360K, 0% used [0x00000000eb000000,0x00000000eb000000,0x00000000ebf00000)
 ParOldGen       total 37376K, used 27300K [0x00000000a0000000, 0x00000000a2480000, 0x00000000e0000000)
  object space 37376K, 73% used [0x00000000a0000000,0x00000000a1aa9390,0x00000000a2480000)
 Metaspace       used 57095K, capacity 58848K, committed 58968K, reserved 1099776K
  class space    used 7752K, capacity 8237K, committed 8320K, reserved 1048576K
Event: 153,973 GC heap after
Heap after GC invocations=15 (full 2):
 PSYoungGen      total 195584K, used 4780K [0x00000000e0000000, 0x00000000efd00000, 0x0000000100000000)
  eden space 180224K, 0% used [0x00000000e0000000,0x00000000e0000000,0x00000000eb000000)
  from space 15360K, 31% used [0x00000000eb000000,0x00000000eb4ab0b0,0x00000000ebf00000)
  to   space 14848K, 0% used [0x00000000eee80000,0x00000000eee80000,0x00000000efd00000)
 ParOldGen       total 37376K, used 33878K [0x00000000a0000000, 0x00000000a2480000, 0x00000000e0000000)
  object space 37376K, 90% used [0x00000000a0000000,0x00000000a2115ad0,0x00000000a2480000)
 Metaspace       used 57095K, capacity 58848K, committed 58968K, reserved 1099776K
  class space    used 7752K, capacity 8237K, committed 8320K, reserved 1048576K
}
Event: 153,973 GC heap before
{Heap before GC invocations=16 (full 3):
 PSYoungGen      total 195584K, used 4780K [0x00000000e0000000, 0x00000000efd00000, 0x0000000100000000)
  eden space 180224K, 0% used [0x00000000e0000000,0x00000000e0000000,0x00000000eb000000)
  from space 15360K, 31% used [0x00000000eb000000,0x00000000eb4ab0b0,0x00000000ebf00000)
  to   space 14848K, 0% used [0x00000000eee80000,0x00000000eee80000,0x00000000efd00000)
 ParOldGen       total 37376K, used 33878K [0x00000000a0000000, 0x00000000a2480000, 0x00000000e0000000)
  object space 37376K, 90% used [0x00000000a0000000,0x00000000a2115ad0,0x00000000a2480000)
 Metaspace       used 57095K, capacity 58848K, committed 58968K, reserved 1099776K
  class space    used 7752K, capacity 8237K, committed 8320K, reserved 1048576K
Event: 154,429 GC heap after
Heap after GC invocations=16 (full 3):
 PSYoungGen      total 195584K, used 0K [0x00000000e0000000, 0x00000000efd00000, 0x0000000100000000)
  eden space 180224K, 0% used [0x00000000e0000000,0x00000000e0000000,0x00000000eb000000)
  from space 15360K, 0% used [0x00000000eb000000,0x00000000eb000000,0x00000000ebf00000)
  to   space 14848K, 0% used [0x00000000eee80000,0x00000000eee80000,0x00000000efd00000)
 ParOldGen       total 66048K, used 32895K [0x00000000a0000000, 0x00000000a4080000, 0x00000000e0000000)
  object space 66048K, 49% used [0x00000000a0000000,0x00000000a201fd00,0x00000000a4080000)
 Metaspace       used 57095K, capacity 58848K, committed 58968K, reserved 1099776K
  class space    used 7752K, capacity 8237K, committed 8320K, reserved 1048576K
}
Event: 165,313 GC heap before
{Heap before GC invocations=17 (full 3):
 PSYoungGen      total 195584K, used 180224K [0x00000000e0000000, 0x00000000efd00000, 0x0000000100000000)
  eden space 180224K, 100% used [0x00000000e0000000,0x00000000eb000000,0x00000000eb000000)
  from space 15360K, 0% used [0x00000000eb000000,0x00000000eb000000,0x00000000ebf00000)
  to   space 14848K, 0% used [0x00000000eee80000,0x00000000eee80000,0x00000000efd00000)
 ParOldGen       total 66048K, used 32895K [0x00000000a0000000, 0x00000000a4080000, 0x00000000e0000000)
  object space 66048K, 49% used [0x00000000a0000000,0x00000000a201fd00,0x00000000a4080000)
 Metaspace       used 64113K, capacity 66164K, committed 66264K, reserved 1105920K
  class space    used 8456K, capacity 8929K, committed 8960K, reserved 1048576K
Event: 165,379 GC heap after
Heap after GC invocations=17 (full 3):
 PSYoungGen      total 241664K, used 14838K [0x00000000e0000000, 0x00000000f0500000, 0x0000000100000000)
  eden space 226816K, 0% used [0x00000000e0000000,0x00000000e0000000,0x00000000edd80000)
  from space 14848K, 99% used [0x00000000eee80000,0x00000000efcfd810,0x00000000efd00000)
  to   space 17408K, 0% used [0x00000000edd80000,0x00000000edd80000,0x00000000eee80000)
 ParOldGen       total 66048K, used 33529K [0x00000000a0000000, 0x00000000a4080000, 0x00000000e0000000)
  object space 66048K, 50% used [0x00000000a0000000,0x00000000a20be5b0,0x00000000a4080000)
 Metaspace       used 64113K, capacity 66164K, committed 66264K, reserved 1105920K
  class space    used 8456K, capacity 8929K, committed 8960K, reserved 1048576K
}
Event: 169,699 GC heap before
{Heap before GC invocations=18 (full 3):
 PSYoungGen      total 241664K, used 240706K [0x00000000e0000000, 0x00000000f0500000, 0x0000000100000000)
  eden space 226816K, 99% used [0x00000000e0000000,0x00000000edc93290,0x00000000edd80000)
  from space 14848K, 99% used [0x00000000eee80000,0x00000000efcfd810,0x00000000efd00000)
  to   space 17408K, 0% used [0x00000000edd80000,0x00000000edd80000,0x00000000eee80000)
 ParOldGen       total 66048K, used 33529K [0x00000000a0000000, 0x00000000a4080000, 0x00000000e0000000)
  object space 66048K, 50% used [0x00000000a0000000,0x00000000a20be5b0,0x00000000a4080000)
 Metaspace       used 65623K, capacity 67878K, committed 68056K, reserved 1107968K
  class space    used 8676K, capacity 9208K, committed 9216K, reserved 1048576K

